#
# There is insufficient memory for the Java Runtime Environment to continue.
# Native memory allocation (malloc) failed to allocate 1314896 bytes for Chunk::new
# Possible reasons:
#   The system is out of physical RAM or swap space
#   In 32 bit mode, the process size limit was hit
# Possible solutions:
#   Reduce memory load on the system
#   Increase physical memory or swap space
#   Check if swap backing store is full
#   Use 64 bit Java on a 64 bit OS
#   Decrease Java heap size (-Xmx/-Xms)
#   Decrease number of Java threads
#   Decrease Java thread stack sizes (-Xss)
#   Set larger code cache with -XX:ReservedCodeCacheSize=
# This output file may be truncated or incomplete.
#
#  Out of Memory Error (allocation.cpp:390), pid=11032, tid=0x0000000000002ab0
#
# JRE version: Java(TM) SE Runtime Environment (8.0_161-b12) (build 1.8.0_161-b12)
# Java VM: Java HotSpot(TM) 64-Bit Server VM (25.161-b12 mixed mode windows-amd64 compressed oops)
# Failed to write core dump. Minidumps are not enabled by default on client versions of Windows
#

---------------  T H R E A D  ---------------

Current thread (0x000000001772c000):  JavaThread "C2 CompilerThread1" daemon [_thread_in_native, id=10928, stack(0x0000000019150000,0x0000000019250000)]

Stack: [0x0000000019150000,0x0000000019250000]
[error occurred during error reporting (printing stack bounds), id 0xc0000005]

Native frames: (J=compiled Java code, j=interpreted, Vv=VM code, C=native code)


Current CompileTask:
C2:1385915 6709   !   4       org.springframework.web.servlet.FrameworkServlet::processRequest (298 bytes)


---------------  P R O C E S S  ---------------

Java Threads: ( => current thread )
  0x000000001db0d000 JavaThread "http-nio-8080-exec-15" daemon [_thread_blocked, id=12572, stack(0x0000000021db0000,0x0000000021eb0000)]
  0x000000001db05800 JavaThread "http-nio-8080-exec-14" daemon [_thread_blocked, id=14256, stack(0x0000000021cb0000,0x0000000021db0000)]
  0x000000001db04800 JavaThread "http-nio-8080-exec-13" daemon [_thread_blocked, id=9728, stack(0x0000000021bb0000,0x0000000021cb0000)]
  0x000000001db0b800 JavaThread "http-nio-8080-exec-12" daemon [_thread_in_Java, id=17904, stack(0x0000000021ab0000,0x0000000021bb0000)]
  0x000000001db04000 JavaThread "http-nio-8080-exec-11" daemon [_thread_blocked, id=652, stack(0x00000000219b0000,0x0000000021ab0000)]
  0x000000001db06000 JavaThread "MySQL Statement Cancellation Timer" daemon [_thread_blocked, id=14660, stack(0x00000000213b0000,0x00000000214b0000)]
  0x000000001db0a800 JavaThread "HikariPool-1 housekeeper" daemon [_thread_blocked, id=16052, stack(0x00000000212b0000,0x00000000213b0000)]
  0x000000001db09000 JavaThread "DestroyJavaVM" [_thread_blocked, id=12420, stack(0x0000000002930000,0x0000000002a30000)]
  0x000000001db07000 JavaThread "http-nio-8080-AsyncTimeout" daemon [_thread_blocked, id=12372, stack(0x0000000020db0000,0x0000000020eb0000)]
  0x000000001db03000 JavaThread "http-nio-8080-Acceptor-0" daemon [_thread_in_native, id=17060, stack(0x0000000020cb0000,0x0000000020db0000)]
  0x000000001db0a000 JavaThread "http-nio-8080-ClientPoller-1" daemon [_thread_in_native, id=17316, stack(0x0000000020bb0000,0x0000000020cb0000)]
  0x000000001db08800 JavaThread "http-nio-8080-ClientPoller-0" daemon [_thread_in_native, id=10980, stack(0x0000000020ab0000,0x0000000020bb0000)]
  0x000000001c246000 JavaThread "http-nio-8080-exec-8" daemon [_thread_blocked, id=12356, stack(0x00000000207b0000,0x00000000208b0000)]
  0x000000001c24c800 JavaThread "http-nio-8080-exec-7" daemon [_thread_blocked, id=8888, stack(0x00000000206b0000,0x00000000207b0000)]
  0x000000001c248000 JavaThread "http-nio-8080-exec-5" daemon [_thread_blocked, id=2540, stack(0x00000000204b0000,0x00000000205b0000)]
  0x000000001c24a800 JavaThread "http-nio-8080-exec-4" daemon [_thread_blocked, id=10332, stack(0x00000000203b0000,0x00000000204b0000)]
  0x000000001c247800 JavaThread "http-nio-8080-exec-3" daemon [_thread_blocked, id=13788, stack(0x00000000202b0000,0x00000000203b0000)]
  0x000000001c24c000 JavaThread "http-nio-8080-exec-2" daemon [_thread_blocked, id=8828, stack(0x000000001fec0000,0x000000001ffc0000)]
  0x000000001c246800 JavaThread "http-nio-8080-exec-1" daemon [_thread_blocked, id=13572, stack(0x000000001fdc0000,0x000000001fec0000)]
  0x000000001c249800 JavaThread "NioBlockingSelector.BlockPoller-1" daemon [_thread_in_native, id=17836, stack(0x000000001fcc0000,0x000000001fdc0000)]
  0x000000001c2a5000 JavaThread "commons-pool-evictor-thread" [_thread_blocked, id=3860, stack(0x000000001f9c0000,0x000000001fac0000)]
  0x000000001c005800 JavaThread "Abandoned connection cleanup thread" daemon [_thread_blocked, id=5668, stack(0x000000001f7c0000,0x000000001f8c0000)]
  0x000000001c385000 JavaThread "container-0" [_thread_blocked, id=12504, stack(0x000000001f4c0000,0x000000001f5c0000)]
  0x000000001ab14800 JavaThread "ContainerBackgroundProcessor[StandardEngine[Tomcat]]" daemon [_thread_blocked, id=14808, stack(0x000000001f3c0000,0x000000001f4c0000)]
  0x000000001775d800 JavaThread "Service Thread" daemon [_thread_blocked, id=17600, stack(0x0000000019350000,0x0000000019450000)]
  0x0000000017730800 JavaThread "C1 CompilerThread2" daemon [_thread_blocked, id=17040, stack(0x0000000019250000,0x0000000019350000)]
=>0x000000001772c000 JavaThread "C2 CompilerThread1" daemon [_thread_in_native, id=10928, stack(0x0000000019150000,0x0000000019250000)]
  0x0000000017715800 JavaThread "C2 CompilerThread0" daemon [_thread_in_native, id=14968, stack(0x0000000019050000,0x0000000019150000)]
  0x0000000017714000 JavaThread "Attach Listener" daemon [_thread_blocked, id=17960, stack(0x0000000018f50000,0x0000000019050000)]
  0x0000000018a93800 JavaThread "Signal Dispatcher" daemon [_thread_blocked, id=16956, stack(0x0000000018e50000,0x0000000018f50000)]
  0x00000000176eb000 JavaThread "Finalizer" daemon [_thread_blocked, id=2860, stack(0x0000000018950000,0x0000000018a50000)]
  0x0000000002ba4000 JavaThread "Reference Handler" daemon [_thread_blocked, id=10488, stack(0x0000000018850000,0x0000000018950000)]

Other Threads:
  0x00000000176c7000 VMThread [stack: 0x0000000018750000,0x0000000018850000] [id=10700]
  0x000000001775e800 WatcherThread [stack: 0x0000000019450000,0x0000000019550000] [id=2512]

VM state:not at safepoint (normal execution)

VM Mutex/Monitor currently owned by a thread: None

Heap:
 PSYoungGen      total 174080K, used 87087K [0x00000000d5d80000, 0x00000000e1c00000, 0x0000000100000000)
  eden space 161280K, 47% used [0x00000000d5d80000,0x00000000da917be0,0x00000000dfb00000)
  from space 12800K, 75% used [0x00000000e0f80000,0x00000000e18f42e0,0x00000000e1c00000)
  to   space 16896K, 0% used [0x00000000dfb00000,0x00000000dfb00000,0x00000000e0b80000)
 ParOldGen       total 100352K, used 21507K [0x0000000081800000, 0x0000000087a00000, 0x00000000d5d80000)
  object space 100352K, 21% used [0x0000000081800000,0x0000000082d00c38,0x0000000087a00000)
 Metaspace       used 46963K, capacity 48674K, committed 48944K, reserved 1091584K
  class space    used 5765K, capacity 6091K, committed 6192K, reserved 1048576K

Card table byte_map: [0x0000000011f70000,0x0000000012370000] byte_map_base: 0x0000000011b64000

Marking Bits: (ParMarkBitMap*) 0x000000006dd1f860
 Begin Bits: [0x0000000012a20000, 0x00000000149c0000)
 End Bits:   [0x00000000149c0000, 0x0000000016960000)

Polling page: 0x0000000000c80000

CodeCache: size=245760Kb used=21116Kb max_used=21245Kb free=224643Kb
 bounds [0x0000000002bb0000, 0x00000000040d0000, 0x0000000011bb0000]
 total_blobs=6228 nmethods=5696 adapters=443
 compilation: enabled

Compilation events (10 events):
Event: 1385.593 Thread 0x0000000017730800 nmethod 6713 0x00000000032da990 code [0x00000000032dab00, 0x00000000032daf70]
Event: 1385.593 Thread 0x0000000017730800 6715       3       sun.nio.ch.Net::setSocketOption (352 bytes)
Event: 1385.594 Thread 0x0000000017715800 6716       4       com.fasterxml.jackson.core.JsonFactory::createGenerator (53 bytes)
Event: 1385.595 Thread 0x0000000017730800 nmethod 6715 0x000000000389cd10 code [0x000000000389d0c0, 0x000000000389f3d8]
Event: 1385.620 Thread 0x0000000017715800 nmethod 6716 0x00000000030d2bd0 code [0x00000000030d2e00, 0x00000000030d3b90]
Event: 1385.620 Thread 0x0000000017715800 6717       4       com.fasterxml.jackson.core.util.BufferRecycler::allocByteBuffer (53 bytes)
Event: 1385.622 Thread 0x0000000017715800 nmethod 6717 0x0000000003151e50 code [0x0000000003151fa0, 0x0000000003152178]
Event: 1385.622 Thread 0x0000000017715800 6718       4       org.springframework.ui.ExtendedModelMap::mergeAttributes (6 bytes)
Event: 1385.628 Thread 0x0000000017715800 nmethod 6718 0x0000000002d998d0 code [0x0000000002d99a40, 0x0000000002d99ce8]
Event: 1385.628 Thread 0x0000000017715800 6719       4       org.springframework.web.servlet.mvc.method.annotation.RequestMappingHandlerAdapter::getModelFactory (155 bytes)

GC Heap History (10 events):
Event: 4.928 GC heap before
{Heap before GC invocations=8 (full 1):
 PSYoungGen      total 108544K, used 74198K [0x00000000d5d80000, 0x00000000dd680000, 0x0000000100000000)
  eden space 98816K, 65% used [0x00000000d5d80000,0x00000000d9c79100,0x00000000dbe00000)
  from space 9728K, 99% used [0x00000000dca00000,0x00000000dd37c990,0x00000000dd380000)
  to   space 12288K, 0% used [0x00000000dbe00000,0x00000000dbe00000,0x00000000dca00000)
 ParOldGen       total 58368K, used 11219K [0x0000000081800000, 0x0000000085100000, 0x00000000d5d80000)
  object space 58368K, 19% used [0x0000000081800000,0x00000000822f4df8,0x0000000085100000)
 Metaspace       used 34100K, capacity 35402K, committed 35496K, reserved 1081344K
  class space    used 4404K, capacity 4655K, committed 4656K, reserved 1048576K
Event: 4.946 GC heap after
Heap after GC invocations=8 (full 1):
 PSYoungGen      total 111104K, used 12274K [0x00000000d5d80000, 0x00000000e0a00000, 0x0000000100000000)
  eden space 98816K, 0% used [0x00000000d5d80000,0x00000000d5d80000,0x00000000dbe00000)
  from space 12288K, 99% used [0x00000000dbe00000,0x00000000dc9fca00,0x00000000dca00000)
  to   space 15360K, 0% used [0x00000000dfb00000,0x00000000dfb00000,0x00000000e0a00000)
 ParOldGen       total 58368K, used 13650K [0x0000000081800000, 0x0000000085100000, 0x00000000d5d80000)
  object space 58368K, 23% used [0x0000000081800000,0x00000000825549f0,0x0000000085100000)
 Metaspace       used 34100K, capacity 35402K, committed 35496K, reserved 1081344K
  class space    used 4404K, capacity 4655K, committed 4656K, reserved 1048576K
}
Event: 4.946 GC heap before
{Heap before GC invocations=9 (full 2):
 PSYoungGen      total 111104K, used 12274K [0x00000000d5d80000, 0x00000000e0a00000, 0x0000000100000000)
  eden space 98816K, 0% used [0x00000000d5d80000,0x00000000d5d80000,0x00000000dbe00000)
  from space 12288K, 99% used [0x00000000dbe00000,0x00000000dc9fca00,0x00000000dca00000)
  to   space 15360K, 0% used [0x00000000dfb00000,0x00000000dfb00000,0x00000000e0a00000)
 ParOldGen       total 58368K, used 13650K [0x0000000081800000, 0x0000000085100000, 0x00000000d5d80000)
  object space 58368K, 23% used [0x0000000081800000,0x00000000825549f0,0x0000000085100000)
 Metaspace       used 34100K, capacity 35402K, committed 35496K, reserved 1081344K
  class space    used 4404K, capacity 4655K, committed 4656K, reserved 1048576K
Event: 5.054 GC heap after
Heap after GC invocations=9 (full 2):
 PSYoungGen      total 111104K, used 0K [0x00000000d5d80000, 0x00000000e0a00000, 0x0000000100000000)
  eden space 98816K, 0% used [0x00000000d5d80000,0x00000000d5d80000,0x00000000dbe00000)
  from space 12288K, 0% used [0x00000000dbe00000,0x00000000dbe00000,0x00000000dca00000)
  to   space 15360K, 0% used [0x00000000dfb00000,0x00000000dfb00000,0x00000000e0a00000)
 ParOldGen       total 100352K, used 20018K [0x0000000081800000, 0x0000000087a00000, 0x00000000d5d80000)
  object space 100352K, 19% used [0x0000000081800000,0x0000000082b8c878,0x0000000087a00000)
 Metaspace       used 34100K, capacity 35402K, committed 35496K, reserved 1081344K
  class space    used 4404K, capacity 4655K, committed 4656K, reserved 1048576K
}
Event: 6.474 GC heap before
{Heap before GC invocations=10 (full 2):
 PSYoungGen      total 111104K, used 98816K [0x00000000d5d80000, 0x00000000e0a00000, 0x0000000100000000)
  eden space 98816K, 100% used [0x00000000d5d80000,0x00000000dbe00000,0x00000000dbe00000)
  from space 12288K, 0% used [0x00000000dbe00000,0x00000000dbe00000,0x00000000dca00000)
  to   space 15360K, 0% used [0x00000000dfb00000,0x00000000dfb00000,0x00000000e0a00000)
 ParOldGen       total 100352K, used 20018K [0x0000000081800000, 0x0000000087a00000, 0x00000000d5d80000)
  object space 100352K, 19% used [0x0000000081800000,0x0000000082b8c878,0x0000000087a00000)
 Metaspace       used 36296K, capacity 37864K, committed 38064K, reserved 1083392K
  class space    used 4698K, capacity 5000K, committed 5040K, reserved 1048576K
Event: 6.488 GC heap after
Heap after GC invocations=10 (full 2):
 PSYoungGen      total 144896K, used 6847K [0x00000000d5d80000, 0x00000000e0200000, 0x0000000100000000)
  eden space 137728K, 0% used [0x00000000d5d80000,0x00000000d5d80000,0x00000000de400000)
  from space 7168K, 95% used [0x00000000dfb00000,0x00000000e01aff00,0x00000000e0200000)
  to   space 14848K, 0% used [0x00000000de500000,0x00000000de500000,0x00000000df380000)
 ParOldGen       total 100352K, used 20026K [0x0000000081800000, 0x0000000087a00000, 0x00000000d5d80000)
  object space 100352K, 19% used [0x0000000081800000,0x0000000082b8e878,0x0000000087a00000)
 Metaspace       used 36296K, capacity 37864K, committed 38064K, reserved 1083392K
  class space    used 4698K, capacity 5000K, committed 5040K, reserved 1048576K
}
Event: 1129.849 GC heap before
{Heap before GC invocations=11 (full 2):
 PSYoungGen      total 144896K, used 144575K [0x00000000d5d80000, 0x00000000e0200000, 0x0000000100000000)
  eden space 137728K, 100% used [0x00000000d5d80000,0x00000000de400000,0x00000000de400000)
  from space 7168K, 95% used [0x00000000dfb00000,0x00000000e01aff00,0x00000000e0200000)
  to   space 14848K, 0% used [0x00000000de500000,0x00000000de500000,0x00000000df380000)
 ParOldGen       total 100352K, used 20026K [0x0000000081800000, 0x0000000087a00000, 0x00000000d5d80000)
  object space 100352K, 19% used [0x0000000081800000,0x0000000082b8e878,0x0000000087a00000)
 Metaspace       used 46923K, capacity 48610K, committed 48944K, reserved 1091584K
  class space    used 5765K, capacity 6091K, committed 6192K, reserved 1048576K
Event: 1129.879 GC heap after
Heap after GC invocations=11 (full 2):
 PSYoungGen      total 153600K, used 14818K [0x00000000d5d80000, 0x00000000e2080000, 0x0000000100000000)
  eden space 138752K, 0% used [0x00000000d5d80000,0x00000000d5d80000,0x00000000de500000)
  from space 14848K, 99% used [0x00000000de500000,0x00000000df378b90,0x00000000df380000)
  to   space 17408K, 0% used [0x00000000e0f80000,0x00000000e0f80000,0x00000000e2080000)
 ParOldGen       total 100352K, used 21499K [0x0000000081800000, 0x0000000087a00000, 0x00000000d5d80000)
  object space 100352K, 21% used [0x0000000081800000,0x0000000082cfec38,0x0000000087a00000)
 Metaspace       used 46923K, capacity 48610K, committed 48944K, reserved 1091584K
  class space    used 5765K, capacity 6091K, committed 6192K, reserved 1048576K
}
Event: 1329.086 GC heap before
{Heap before GC invocations=12 (full 2):
 PSYoungGen      total 153600K, used 153570K [0x00000000d5d80000, 0x00000000e2080000, 0x0000000100000000)
  eden space 138752K, 100% used [0x00000000d5d80000,0x00000000de500000,0x00000000de500000)
  from space 14848K, 99% used [0x00000000de500000,0x00000000df378b90,0x00000000df380000)
  to   space 17408K, 0% used [0x00000000e0f80000,0x00000000e0f80000,0x00000000e2080000)
 ParOldGen       total 100352K, used 21499K [0x0000000081800000, 0x0000000087a00000, 0x00000000d5d80000)
  object space 100352K, 21% used [0x0000000081800000,0x0000000082cfec38,0x0000000087a00000)
 Metaspace       used 46961K, capacity 48674K, committed 48944K, reserved 1091584K
  class space    used 5765K, capacity 6091K, committed 6192K, reserved 1048576K
Event: 1329.099 GC heap after
Heap after GC invocations=12 (full 2):
 PSYoungGen      total 174080K, used 9680K [0x00000000d5d80000, 0x00000000e1c00000, 0x0000000100000000)
  eden space 161280K, 0% used [0x00000000d5d80000,0x00000000d5d80000,0x00000000dfb00000)
  from space 12800K, 75% used [0x00000000e0f80000,0x00000000e18f42e0,0x00000000e1c00000)
  to   space 16896K, 0% used [0x00000000dfb00000,0x00000000dfb00000,0x00000000e0b80000)
 ParOldGen       total 100352K, used 21507K [0x0000000081800000, 0x0000000087a00000, 0x00000000d5d80000)
  object space 100352K, 21% used [0x0000000081800000,0x0000000082d00c38,0x0000000087a00000)
 Metaspace       used 46961K, capacity 48674K, committed 48944K, reserved 1091584K
  class space    used 5765K, capacity 6091K, committed 6192K, reserved 1048576K
}

Deoptimization events (10 events):
Event: 526.757 Thread 0x000000001c246800 Uncommon trap: reason=predicate action=maybe_recompile pc=0x0000000002cfeda0 method=java.util.TimSort.countRunAndMakeAscending([Ljava/lang/Object;IILjava/util/Comparator;)I @ 57
Event: 526.907 Thread 0x000000001c246800 Uncommon trap: reason=unstable_if action=reinterpret pc=0x000000000381b8e8 method=java.lang.reflect.Method.invoke(Ljava/lang/Object;[Ljava/lang/Object;)Ljava/lang/Object; @ 18
Event: 900.058 Thread 0x000000001c246800 Uncommon trap: reason=unstable_if action=reinterpret pc=0x0000000002d00568 method=java.util.concurrent.ConcurrentHashMap.putVal(Ljava/lang/Object;Ljava/lang/Object;Z)Ljava/lang/Object; @ 98
Event: 1129.363 Thread 0x000000001c248000 Uncommon trap: reason=unstable_if action=reinterpret pc=0x0000000003d2b0cc method=org.apache.tomcat.util.http.MimeHeaders.createHeader()Lorg/apache/tomcat/util/http/MimeHeaderField; @ 125
Event: 1129.880 Thread 0x0000000002ba4000 Uncommon trap: reason=unstable_if action=reinterpret pc=0x0000000003651334 method=java.lang.ref.Reference.tryHandlePending(Z)Z @ 20
Event: 1256.382 Thread 0x000000001c24c000 Uncommon trap: reason=null_check action=make_not_entrant pc=0x0000000002d4299c method=org.apache.tomcat.util.net.NioBlockingSelector.write(Ljava/nio/ByteBuffer;Lorg/apache/tomcat/util/net/NioChannel;J)I @ 38
Event: 1298.680 Thread 0x000000001db04000 Uncommon trap: reason=unstable_if action=reinterpret pc=0x0000000003b65b04 method=java.util.concurrent.ConcurrentHashMap.addCount(JI)V @ 97
Event: 1356.411 Thread 0x000000001db04800 Uncommon trap: reason=unstable_if action=reinterpret pc=0x0000000003ea9f60 method=java.util.concurrent.ConcurrentHashMap.replaceNode(Ljava/lang/Object;Ljava/lang/Object;Ljava/lang/Object;)Ljava/lang/Object; @ 99
Event: 1383.074 Thread 0x000000001c246800 Uncommon trap: reason=unstable_if action=reinterpret pc=0x00000000040753dc method=java.lang.Throwable.getCause()Ljava/lang/Throwable; @ 5
Event: 1383.074 Thread 0x000000001db0b800 Uncommon trap: reason=unstable_if action=reinterpret pc=0x0000000003fc1ea8 method=java.lang.Throwable.getCause()Ljava/lang/Throwable; @ 5

Classes redefined (0 events):
No events

Internal exceptions (10 events):
Event: 1383.060 Thread 0x000000001db04000 Implicit null exception at 0x0000000003d03371 to 0x0000000003d035a4
Event: 1383.060 Thread 0x000000001db04000 Exception <a 'java/lang/NullPointerException'> (0x00000000d912b180) thrown at [C:\re\workspace\8-2-build-windows-amd64-cygwin\jdk8u161\10277\hotspot\src\share\vm\runtime\sharedRuntime.cpp, line 605]
Event: 1383.062 Thread 0x000000001db04000 Implicit null exception at 0x0000000003d03371 to 0x0000000003d035a4
Event: 1383.063 Thread 0x000000001db04000 Exception <a 'java/lang/NullPointerException'> (0x00000000d9135d78) thrown at [C:\re\workspace\8-2-build-windows-amd64-cygwin\jdk8u161\10277\hotspot\src\share\vm\runtime\sharedRuntime.cpp, line 605]
Event: 1383.065 Thread 0x000000001db04000 Implicit null exception at 0x0000000003d03371 to 0x0000000003d035a4
Event: 1383.065 Thread 0x000000001db04000 Exception <a 'java/lang/NullPointerException'> (0x00000000d9140970) thrown at [C:\re\workspace\8-2-build-windows-amd64-cygwin\jdk8u161\10277\hotspot\src\share\vm\runtime\sharedRuntime.cpp, line 605]
Event: 1383.068 Thread 0x000000001db04000 Implicit null exception at 0x0000000003d03371 to 0x0000000003d035a4
Event: 1383.068 Thread 0x000000001db04000 Exception <a 'java/lang/NullPointerException'> (0x00000000d914b568) thrown at [C:\re\workspace\8-2-build-windows-amd64-cygwin\jdk8u161\10277\hotspot\src\share\vm\runtime\sharedRuntime.cpp, line 605]
Event: 1383.070 Thread 0x000000001db04000 Implicit null exception at 0x0000000003d03371 to 0x0000000003d035a4
Event: 1383.071 Thread 0x000000001db04000 Exception <a 'java/lang/NullPointerException'> (0x00000000d9156160) thrown at [C:\re\workspace\8-2-build-windows-amd64-cygwin\jdk8u161\10277\hotspot\src\share\vm\runtime\sharedRuntime.cpp, line 605]

Events (10 events):
Event: 1356.642 Thread 0x0000000017715800 flushing nmethod 0x0000000003b66c50
Event: 1356.642 Thread 0x0000000017715800 flushing nmethod 0x0000000003b89a10
Event: 1356.645 Thread 0x000000001772c000 flushing nmethod 0x0000000003d2aed0
Event: 1383.074 Thread 0x000000001c246800 Uncommon trap: trap_request=0xffffff65 fr.pc=0x00000000040753dc
Event: 1383.074 Thread 0x000000001c246800 DEOPT PACKING pc=0x00000000040753dc sp=0x000000001febcf10
Event: 1383.074 Thread 0x000000001c246800 DEOPT UNPACKING pc=0x0000000002bf583b sp=0x000000001febce88 mode 2
Event: 1383.074 Thread 0x000000001db0b800 Uncommon trap: trap_request=0xffffff65 fr.pc=0x0000000003fc1ea8
Event: 1383.074 Thread 0x000000001db0b800 DEOPT PACKING pc=0x0000000003fc1ea8 sp=0x0000000021baca50
Event: 1383.074 Thread 0x000000001db0b800 DEOPT UNPACKING pc=0x0000000002bf583b sp=0x0000000021baca10 mode 2
Event: 1385.594 Thread 0x000000001db0d000 Thread added: 0x000000001db0d000


Dynamic libraries:
0x00007ff729990000 - 0x00007ff7299c7000 	C:\Program Files\Java\jre1.8.0_161\bin\javaw.exe
0x00007ffecc920000 - 0x00007ffeccb01000 	C:\WINDOWS\SYSTEM32\ntdll.dll
0x00007ffec9dd0000 - 0x00007ffec9e82000 	C:\WINDOWS\System32\KERNEL32.DLL
0x00007ffec9560000 - 0x00007ffec97d3000 	C:\WINDOWS\System32\KERNELBASE.dll
0x00007ffeca2a0000 - 0x00007ffeca341000 	C:\WINDOWS\System32\ADVAPI32.dll
0x00007ffecbd50000 - 0x00007ffecbdee000 	C:\WINDOWS\System32\msvcrt.dll
0x00007ffec9f00000 - 0x00007ffec9f5b000 	C:\WINDOWS\System32\sechost.dll
0x00007ffeca680000 - 0x00007ffeca7a4000 	C:\WINDOWS\System32\RPCRT4.dll
0x00007ffecc520000 - 0x00007ffecc6b0000 	C:\WINDOWS\System32\USER32.dll
0x00007ffec9980000 - 0x00007ffec99a0000 	C:\WINDOWS\System32\win32u.dll
0x00007ffecc4f0000 - 0x00007ffecc518000 	C:\WINDOWS\System32\GDI32.dll
0x00007ffec97e0000 - 0x00007ffec9972000 	C:\WINDOWS\System32\gdi32full.dll
0x00007ffec99a0000 - 0x00007ffec9a3f000 	C:\WINDOWS\System32\msvcp_win.dll
0x00007ffec8cf0000 - 0x00007ffec8dea000 	C:\WINDOWS\System32\ucrtbase.dll
0x00007ffeb93e0000 - 0x00007ffeb9649000 	C:\WINDOWS\WinSxS\amd64_microsoft.windows.common-controls_6595b64144ccf1df_6.0.17134.472_none_fb3f9af53068156d\COMCTL32.dll
0x00007ffeca350000 - 0x00007ffeca672000 	C:\WINDOWS\System32\combase.dll
0x00007ffec9d30000 - 0x00007ffec9daa000 	C:\WINDOWS\System32\bcryptPrimitives.dll
0x00007ffecc8a0000 - 0x00007ffecc8cd000 	C:\WINDOWS\System32\IMM32.DLL
0x000000006e500000 - 0x000000006e5d2000 	C:\Program Files\Java\jre1.8.0_161\bin\msvcr100.dll
0x000000006d500000 - 0x000000006dd9f000 	C:\Program Files\Java\jre1.8.0_161\bin\server\jvm.dll
0x00007ffec9dc0000 - 0x00007ffec9dc8000 	C:\WINDOWS\System32\PSAPI.DLL
0x00007ffeaad90000 - 0x00007ffeaad99000 	C:\WINDOWS\SYSTEM32\WSOCK32.dll
0x00007ffec4c90000 - 0x00007ffec4cb3000 	C:\WINDOWS\SYSTEM32\WINMM.dll
0x00007ffeca140000 - 0x00007ffeca1ac000 	C:\WINDOWS\System32\WS2_32.dll
0x00007ffebbb30000 - 0x00007ffebbb3a000 	C:\WINDOWS\SYSTEM32\VERSION.dll
0x00007ffec4c60000 - 0x00007ffec4c8a000 	C:\WINDOWS\SYSTEM32\WINMMBASE.dll
0x00007ffec9ce0000 - 0x00007ffec9d29000 	C:\WINDOWS\System32\cfgmgr32.dll
0x000000006e8e0000 - 0x000000006e8ef000 	C:\Program Files\Java\jre1.8.0_161\bin\verify.dll
0x000000006e8b0000 - 0x000000006e8d9000 	C:\Program Files\Java\jre1.8.0_161\bin\java.dll
0x000000006e890000 - 0x000000006e8a6000 	C:\Program Files\Java\jre1.8.0_161\bin\zip.dll
0x00007ffeca910000 - 0x00007ffecbd50000 	C:\WINDOWS\System32\SHELL32.dll
0x00007ffecbff0000 - 0x00007ffecc099000 	C:\WINDOWS\System32\shcore.dll
0x00007ffec8e50000 - 0x00007ffec955d000 	C:\WINDOWS\System32\windows.storage.dll
0x00007ffec9ea0000 - 0x00007ffec9ef1000 	C:\WINDOWS\System32\shlwapi.dll
0x00007ffec8cb0000 - 0x00007ffec8cc1000 	C:\WINDOWS\System32\kernel.appcore.dll
0x00007ffec8cd0000 - 0x00007ffec8cef000 	C:\WINDOWS\System32\profapi.dll
0x00007ffec8c40000 - 0x00007ffec8c8c000 	C:\WINDOWS\System32\powrprof.dll
0x00007ffec8c30000 - 0x00007ffec8c3a000 	C:\WINDOWS\System32\FLTLIB.DLL
0x000000006e0c0000 - 0x000000006e0cd000 	C:\Program Files\Java\jre1.8.0_161\bin\management.dll
0x000000006e870000 - 0x000000006e88a000 	C:\Program Files\Java\jre1.8.0_161\bin\net.dll
0x00007ffec84b0000 - 0x00007ffec8516000 	C:\WINDOWS\system32\mswsock.dll
0x00007ffead8e0000 - 0x00007ffead8f6000 	C:\WINDOWS\system32\napinsp.dll
0x00007ffead8c0000 - 0x00007ffead8da000 	C:\WINDOWS\system32\pnrpnsp.dll
0x00007ffec5840000 - 0x00007ffec5859000 	C:\WINDOWS\system32\NLAapi.dll
0x00007ffec8280000 - 0x00007ffec833e000 	C:\WINDOWS\SYSTEM32\DNSAPI.dll
0x00007ffec9db0000 - 0x00007ffec9db8000 	C:\WINDOWS\System32\NSI.dll
0x00007ffec8230000 - 0x00007ffec8268000 	C:\WINDOWS\SYSTEM32\IPHLPAPI.DLL
0x00007ffead890000 - 0x00007ffead89e000 	C:\WINDOWS\System32\winrnr.dll
0x00007ffebf200000 - 0x00007ffebf215000 	C:\WINDOWS\System32\wshbth.dll
0x00007ffebd050000 - 0x00007ffebd05a000 	C:\Windows\System32\rasadhlp.dll
0x00007ffebd860000 - 0x00007ffebd8d2000 	C:\WINDOWS\System32\fwpuclnt.dll
0x00007ffec8790000 - 0x00007ffec87b5000 	C:\WINDOWS\SYSTEM32\bcrypt.dll
0x000000006e2f0000 - 0x000000006e301000 	C:\Program Files\Java\jre1.8.0_161\bin\nio.dll
0x00007ffec8660000 - 0x00007ffec8677000 	C:\WINDOWS\SYSTEM32\CRYPTSP.dll
0x00007ffec8090000 - 0x00007ffec80c3000 	C:\WINDOWS\system32\rsaenh.dll
0x00007ffec8b60000 - 0x00007ffec8b88000 	C:\WINDOWS\SYSTEM32\USERENV.dll
0x00007ffec8680000 - 0x00007ffec868b000 	C:\WINDOWS\SYSTEM32\CRYPTBASE.dll
0x00007ffebdf50000 - 0x00007ffebdf66000 	C:\WINDOWS\SYSTEM32\dhcpcsvc6.DLL
0x00007ffebdee0000 - 0x00007ffebdefa000 	C:\WINDOWS\SYSTEM32\dhcpcsvc.DLL

VM Arguments:
jvm_args: -Dfile.encoding=UTF-8 
java_command: com.zzj.miaosha.Main
java_class_path (initial): C:\Program Files\Java\jre1.8.0_161\lib\resources.jar;C:\Program Files\Java\jre1.8.0_161\lib\rt.jar;C:\Program Files\Java\jre1.8.0_161\lib\jsse.jar;C:\Program Files\Java\jre1.8.0_161\lib\jce.jar;C:\Program Files\Java\jre1.8.0_161\lib\charsets.jar;C:\Program Files\Java\jre1.8.0_161\lib\jfr.jar;C:\Program Files\Java\jre1.8.0_161\lib\ext\access-bridge-64.jar;C:\Program Files\Java\jre1.8.0_161\lib\ext\cldrdata.jar;C:\Program Files\Java\jre1.8.0_161\lib\ext\dnsns.jar;C:\Program Files\Java\jre1.8.0_161\lib\ext\jaccess.jar;C:\Program Files\Java\jre1.8.0_161\lib\ext\jfxrt.jar;C:\Program Files\Java\jre1.8.0_161\lib\ext\localedata.jar;C:\Program Files\Java\jre1.8.0_161\lib\ext\nashorn.jar;C:\Program Files\Java\jre1.8.0_161\lib\ext\sunec.jar;C:\Program Files\Java\jre1.8.0_161\lib\ext\sunjce_provider.jar;C:\Program Files\Java\jre1.8.0_161\lib\ext\sunmscapi.jar;C:\Program Files\Java\jre1.8.0_161\lib\ext\sunpkcs11.jar;C:\Program Files\Java\jre1.8.0_161\lib\ext\zipfs.jar;F:\Eclipse-workspace\miaosha\target\classes;C:\Users\zhouz\.m2\repository\org\springframework\boot\spring-boot-starter-web\2.0.5.RELEASE\spring-boot-starter-web-2.0.5.RELEASE.jar;C:\Users\zhouz\.m2\repository\org\springframework\boot\spring-boot-starter\2.0.5.RELEASE\spring-boot-starter-2.0.5.RELEASE.jar;C:\Users\zhouz\.m2\repository\org\springframework\boot\spring-boot\2.0.5.RELEASE\spring-boot-2.0.5.RELEASE.jar;C:\Users\zhouz\.m2\repository\org\springframework\boot\spring-boot-autoconfigure\2.0.5.RELEASE\spring-boot-autoconfigure-2.0.5.RELEASE.jar;C:\Users\zhouz\.m2\repository\org\springframework\boot\spring-boot-starter-logging\2.0.5.RELEASE\spring-boot-starter-logging-2.0.5.RELEASE.jar;C:\Users\zhouz\.m2\repository\ch\qos\logback\logback-classic\1.2.3\logback-classic-1.2.3.jar;C:\Users\zhouz\.m2\repository\ch\qos\logback\logback-core\1.2.3\logback-core-1.2.3.jar;C:\Users\zhouz\.m2\repository\org\apache\logging\log4j\log4j-to-slf4j\2.10.0\log4j-to-slf4j-2.10.0.jar;C:\Users\zhouz\.m2\
Launcher Type: SUN_STANDARD

Environment Variables:
JAVA_HOME=E:\java\jdk1.8.0_144
CLASSPATH=.;E:\java\jdk1.8.0_144\lib;E:\java\jdk1.8.0_144\lib\tools.jar E:\software\jmeter\apache-jmeter-3.1\lib\ext\ApacheJMeter_core.jar;E:\software\jmeter\apache-jmeter-3.1\lib\jorphan.jar;
PATH=C:/Program Files/Java/jre1.8.0_161/bin/server;C:/Program Files/Java/jre1.8.0_161/bin;C:/Program Files/Java/jre1.8.0_161/lib/amd64;C:\ProgramData\Oracle\Java\javapath;E:\java\jdk1.8.0_144\jre\bin;C:\WINDOWS\system32;C:\WINDOWS;C:\WINDOWS\System32\Wbem;C:\WINDOWS\System32\WindowsPowerShell\v1.0\;C:\WINDOWS\System32\OpenSSH\;E:\software\github\Git\cmd;E:\java\jdk1.8.0_144\bin;F:\study\maven\apache-maven-3.5.4\bin;E:\software\nodejs\;C:\Program Files\Intel\WiFi\bin\;C:\Program Files\Common Files\Intel\WirelessCommon\;C:\Program Files (x86)\HP\IdrsOCR_15.2.10.1114\;";E:\software\jmeter\apache-jmeter-3.1\bin;";E:\software\python\Scripts\;E:\software\python\;C:\Users\zhouz\AppData\Local\Microsoft\WindowsApps;C:\Program Files\MySQL\MySQL Server 5.7\bin;C:\Users\zhouz\AppData\Roaming\npm;E:\software\Eclipse\eclipse;
USERNAME=zhouz
OS=Windows_NT
PROCESSOR_IDENTIFIER=Intel64 Family 6 Model 142 Stepping 9, GenuineIntel



---------------  S Y S T E M  ---------------

OS: Windows 10.0 , 64 bit Build 17134 (10.0.17134.1)

CPU:total 4 (initial active 4) (2 cores per cpu, 2 threads per core) family 6 model 142 stepping 9, cmov, cx8, fxsr, mmx, sse, sse2, sse3, ssse3, sse4.1, sse4.2, popcnt, avx, avx2, aes, clmul, erms, 3dnowpref, lzcnt, ht, tsc, tscinvbit, bmi1, bmi2, adx

Memory: 4k page, physical 8282216k(1658676k free), swap 8282216k(9116k free)

vm_info: Java HotSpot(TM) 64-Bit Server VM (25.161-b12) for windows-amd64 JRE (1.8.0_161-b12), built on Dec 19 2017 17:52:25 by "java_re" with MS VC++ 10.0 (VS2010)

time: Thu Jan 10 10:15:38 2019
elapsed time: 1385 seconds (0d 0h 23m 5s)

