#
# There is insufficient memory for the Java Runtime Environment to continue.
# Native memory allocation (malloc) failed to allocate 367824 bytes for Chunk::new
# Possible reasons:
#   The system is out of physical RAM or swap space
#   In 32 bit mode, the process size limit was hit
# Possible solutions:
#   Reduce memory load on the system
#   Increase physical memory or swap space
#   Check if swap backing store is full
#   Use 64 bit Java on a 64 bit OS
#   Decrease Java heap size (-Xmx/-Xms)
#   Decrease number of Java threads
#   Decrease Java thread stack sizes (-Xss)
#   Set larger code cache with -XX:ReservedCodeCacheSize=
# This output file may be truncated or incomplete.
#
#  Out of Memory Error (allocation.cpp:390), pid=16856, tid=0x0000000000003a94
#
# JRE version: Java(TM) SE Runtime Environment (8.0_161-b12) (build 1.8.0_161-b12)
# Java VM: Java HotSpot(TM) 64-Bit Server VM (25.161-b12 mixed mode windows-amd64 compressed oops)
# Failed to write core dump. Minidumps are not enabled by default on client versions of Windows
#

---------------  T H R E A D  ---------------

Current thread (0x0000000017d93800):  JavaThread "C2 CompilerThread1" daemon [_thread_in_native, id=14996, stack(0x00000000197d0000,0x00000000198d0000)]

Stack: [0x00000000197d0000,0x00000000198d0000]
[error occurred during error reporting (printing stack bounds), id 0xc0000005]

Native frames: (J=compiled Java code, j=interpreted, Vv=VM code, C=native code)


Current CompileTask:
C2:   1350 1361   !   4       sun.misc.URLClassPath$JarLoader::getResource (353 bytes)


---------------  P R O C E S S  ---------------

Java Threads: ( => current thread )
  0x000000001a278800 JavaThread "background-preinit" [_thread_in_vm, id=15320, stack(0x000000001b450000,0x000000001b550000)]
  0x000000001915f000 JavaThread "Service Thread" daemon [_thread_blocked, id=2888, stack(0x00000000199d0000,0x0000000019ad0000)]
  0x0000000017d98000 JavaThread "C1 CompilerThread2" daemon [_thread_blocked, id=11252, stack(0x00000000198d0000,0x00000000199d0000)]
=>0x0000000017d93800 JavaThread "C2 CompilerThread1" daemon [_thread_in_native, id=14996, stack(0x00000000197d0000,0x00000000198d0000)]
  0x0000000017d86000 JavaThread "C2 CompilerThread0" daemon [_thread_in_native, id=7644, stack(0x00000000196d0000,0x00000000197d0000)]
  0x0000000017d84800 JavaThread "Attach Listener" daemon [_thread_blocked, id=3168, stack(0x00000000195d0000,0x00000000196d0000)]
  0x0000000019113800 JavaThread "Signal Dispatcher" daemon [_thread_blocked, id=15180, stack(0x00000000194d0000,0x00000000195d0000)]
  0x0000000017d5c000 JavaThread "Finalizer" daemon [_thread_blocked, id=8216, stack(0x0000000018fd0000,0x00000000190d0000)]
  0x0000000003216000 JavaThread "Reference Handler" daemon [_thread_blocked, id=436, stack(0x0000000018ed0000,0x0000000018fd0000)]
  0x0000000003124800 JavaThread "main" [_thread_in_Java, id=2360, stack(0x0000000003020000,0x0000000003120000)]

Other Threads:
  0x0000000017d37800 VMThread [stack: 0x0000000018dd0000,0x0000000018ed0000] [id=16616]
  0x000000001918d800 WatcherThread [stack: 0x0000000019ad0000,0x0000000019bd0000] [id=14348]

VM state:not at safepoint (normal execution)

VM Mutex/Monitor currently owned by a thread: None

Heap:
 PSYoungGen      total 38400K, used 33053K [0x00000000d5d80000, 0x00000000da880000, 0x0000000100000000)
  eden space 33280K, 83% used [0x00000000d5d80000,0x00000000d78c9ed0,0x00000000d7e00000)
  from space 5120K, 99% used [0x00000000d8300000,0x00000000d87fd6a0,0x00000000d8800000)
  to   space 5120K, 0% used [0x00000000d7e00000,0x00000000d7e00000,0x00000000d8300000)
 ParOldGen       total 87552K, used 2051K [0x0000000081800000, 0x0000000086d80000, 0x00000000d5d80000)
  object space 87552K, 2% used [0x0000000081800000,0x0000000081a00dd0,0x0000000086d80000)
 Metaspace       used 18963K, capacity 19522K, committed 19840K, reserved 1069056K
  class space    used 2453K, capacity 2625K, committed 2688K, reserved 1048576K

Card table byte_map: [0x00000000125e0000,0x00000000129e0000] byte_map_base: 0x00000000121d4000

Marking Bits: (ParMarkBitMap*) 0x000000006dd1f860
 Begin Bits: [0x0000000013090000, 0x0000000015030000)
 End Bits:   [0x0000000015030000, 0x0000000016fd0000)

Polling page: 0x0000000002b80000

CodeCache: size=245760Kb used=4507Kb max_used=4507Kb free=241252Kb
 bounds [0x0000000003220000, 0x0000000003690000, 0x0000000012220000]
 total_blobs=1766 nmethods=1402 adapters=276
 compilation: enabled

Compilation events (10 events):
Event: 1.337 Thread 0x0000000017d98000 nmethod 1396 0x0000000003682050 code [0x0000000003682300, 0x00000000036835a8]
Event: 1.339 Thread 0x0000000017d98000 1397       3       java.lang.System$2::getConstantPool (5 bytes)
Event: 1.339 Thread 0x0000000017d98000 nmethod 1397 0x0000000003683f50 code [0x00000000036840c0, 0x00000000036842c8]
Event: 1.339 Thread 0x0000000017d98000 1398       1       sun.reflect.annotation.AnnotationType::memberTypes (5 bytes)
Event: 1.339 Thread 0x0000000017d98000 nmethod 1398 0x0000000003684390 code [0x00000000036844e0, 0x00000000036845f0]
Event: 1.339 Thread 0x0000000017d98000 1399       1       sun.reflect.annotation.AnnotationType::memberDefaults (5 bytes)
Event: 1.339 Thread 0x0000000017d98000 nmethod 1399 0x0000000003684650 code [0x00000000036847a0, 0x00000000036848b0]
Event: 1.340 Thread 0x0000000017d98000 1400   !   3       java.lang.reflect.Proxy::newProxyInstance (174 bytes)
Event: 1.341 Thread 0x0000000017d98000 nmethod 1400 0x0000000003684910 code [0x0000000003684c60, 0x00000000036863a8]
Event: 1.341 Thread 0x0000000017d86000 1401       4       sun.misc.JarIndex::get (49 bytes)

GC Heap History (4 events):
Event: 0.802 GC heap before
{Heap before GC invocations=1 (full 0):
 PSYoungGen      total 38400K, used 33280K [0x00000000d5d80000, 0x00000000d8800000, 0x0000000100000000)
  eden space 33280K, 100% used [0x00000000d5d80000,0x00000000d7e00000,0x00000000d7e00000)
  from space 5120K, 0% used [0x00000000d8300000,0x00000000d8300000,0x00000000d8800000)
  to   space 5120K, 0% used [0x00000000d7e00000,0x00000000d7e00000,0x00000000d8300000)
 ParOldGen       total 87552K, used 0K [0x0000000081800000, 0x0000000086d80000, 0x00000000d5d80000)
  object space 87552K, 0% used [0x0000000081800000,0x0000000081800000,0x0000000086d80000)
 Metaspace       used 10717K, capacity 11150K, committed 11264K, reserved 1058816K
  class space    used 1299K, capacity 1431K, committed 1536K, reserved 1048576K
Event: 0.808 GC heap after
Heap after GC invocations=1 (full 0):
 PSYoungGen      total 38400K, used 5098K [0x00000000d5d80000, 0x00000000d8800000, 0x0000000100000000)
  eden space 33280K, 0% used [0x00000000d5d80000,0x00000000d5d80000,0x00000000d7e00000)
  from space 5120K, 99% used [0x00000000d7e00000,0x00000000d82fabb0,0x00000000d8300000)
  to   space 5120K, 0% used [0x00000000d8300000,0x00000000d8300000,0x00000000d8800000)
 ParOldGen       total 87552K, used 679K [0x0000000081800000, 0x0000000086d80000, 0x00000000d5d80000)
  object space 87552K, 0% used [0x0000000081800000,0x00000000818a9e10,0x0000000086d80000)
 Metaspace       used 10717K, capacity 11150K, committed 11264K, reserved 1058816K
  class space    used 1299K, capacity 1431K, committed 1536K, reserved 1048576K
}
Event: 1.024 GC heap before
{Heap before GC invocations=2 (full 0):
 PSYoungGen      total 38400K, used 38378K [0x00000000d5d80000, 0x00000000d8800000, 0x0000000100000000)
  eden space 33280K, 100% used [0x00000000d5d80000,0x00000000d7e00000,0x00000000d7e00000)
  from space 5120K, 99% used [0x00000000d7e00000,0x00000000d82fabb0,0x00000000d8300000)
  to   space 5120K, 0% used [0x00000000d8300000,0x00000000d8300000,0x00000000d8800000)
 ParOldGen       total 87552K, used 679K [0x0000000081800000, 0x0000000086d80000, 0x00000000d5d80000)
  object space 87552K, 0% used [0x0000000081800000,0x00000000818a9e10,0x0000000086d80000)
 Metaspace       used 14159K, capacity 14682K, committed 14848K, reserved 1062912K
  class space    used 1885K, capacity 2019K, committed 2048K, reserved 1048576K
Event: 1.032 GC heap after
Heap after GC invocations=2 (full 0):
 PSYoungGen      total 38400K, used 5109K [0x00000000d5d80000, 0x00000000da880000, 0x0000000100000000)
  eden space 33280K, 0% used [0x00000000d5d80000,0x00000000d5d80000,0x00000000d7e00000)
  from space 5120K, 99% used [0x00000000d8300000,0x00000000d87fd6a0,0x00000000d8800000)
  to   space 5120K, 0% used [0x00000000d7e00000,0x00000000d7e00000,0x00000000d8300000)
 ParOldGen       total 87552K, used 2051K [0x0000000081800000, 0x0000000086d80000, 0x00000000d5d80000)
  object space 87552K, 2% used [0x0000000081800000,0x0000000081a00dd0,0x0000000086d80000)
 Metaspace       used 14159K, capacity 14682K, committed 14848K, reserved 1062912K
  class space    used 1885K, capacity 2019K, committed 2048K, reserved 1048576K
}

Deoptimization events (10 events):
Event: 0.790 Thread 0x0000000003124800 Uncommon trap: reason=unstable_if action=reinterpret pc=0x00000000034bb168 method=java.util.HashMap.hash(Ljava/lang/Object;)I @ 1
Event: 0.846 Thread 0x0000000003124800 Uncommon trap: reason=unstable_if action=reinterpret pc=0x000000000334c140 method=java.lang.CharacterData.of(I)Ljava/lang/CharacterData; @ 4
Event: 0.975 Thread 0x0000000003124800 Uncommon trap: reason=unstable_if action=reinterpret pc=0x00000000035f30c4 method=java.util.concurrent.ConcurrentHashMap.putVal(Ljava/lang/Object;Ljava/lang/Object;Z)Ljava/lang/Object; @ 113
Event: 1.038 Thread 0x0000000003124800 Uncommon trap: reason=unstable_if action=reinterpret pc=0x0000000003375198 method=sun.nio.cs.UTF_8$Encoder.encode([CII[B)I @ 33
Event: 1.060 Thread 0x000000001a278800 Uncommon trap: reason=class_check action=maybe_recompile pc=0x00000000035bd63c method=java.util.HashMap.putVal(ILjava/lang/Object;Ljava/lang/Object;ZZ)Ljava/lang/Object; @ 203
Event: 1.066 Thread 0x000000001a278800 Uncommon trap: reason=class_check action=maybe_recompile pc=0x00000000035bd63c method=java.util.HashMap.putVal(ILjava/lang/Object;Ljava/lang/Object;ZZ)Ljava/lang/Object; @ 203
Event: 1.072 Thread 0x000000001a278800 Uncommon trap: reason=class_check action=maybe_recompile pc=0x00000000035bd63c method=java.util.HashMap.putVal(ILjava/lang/Object;Ljava/lang/Object;ZZ)Ljava/lang/Object; @ 203
Event: 1.081 Thread 0x0000000003124800 Uncommon trap: reason=class_check action=maybe_recompile pc=0x00000000035bd63c method=java.util.HashMap.putVal(ILjava/lang/Object;Ljava/lang/Object;ZZ)Ljava/lang/Object; @ 203
Event: 1.269 Thread 0x0000000003124800 Uncommon trap: reason=unstable_if action=reinterpret pc=0x000000000363c46c method=java.util.concurrent.ConcurrentHashMap.addCount(JI)V @ 34
Event: 1.274 Thread 0x0000000003124800 Uncommon trap: reason=unstable_if action=reinterpret pc=0x0000000003576494 method=java.io.WinNTFileSystem.normalize(Ljava/lang/String;)Ljava/lang/String; @ 128

Classes redefined (0 events):
No events

Internal exceptions (10 events):
Event: 0.790 Thread 0x0000000003124800 Implicit null exception at 0x00000000034bb0ef to 0x00000000034bb159
Event: 0.821 Thread 0x0000000003124800 Exception <a 'java/lang/NoSuchMethodError': java.lang.Object.lambda$chars$0()Ljava/util/Spliterator$OfInt;> (0x00000000d5f55848) thrown at [C:\re\workspace\8-2-build-windows-amd64-cygwin\jdk8u161\10277\hotspot\src\share\vm\interpreter\linkResolver.cpp, li
Event: 1.036 Thread 0x0000000003124800 Exception <a 'java/lang/NoSuchMethodError': org.slf4j.impl.StaticMDCBinder.getSingleton()Lorg/slf4j/impl/StaticMDCBinder;> (0x00000000d5d9eb28) thrown at [C:\re\workspace\8-2-build-windows-amd64-cygwin\jdk8u161\10277\hotspot\src\share\vm\interpreter\linkR
Event: 1.223 Thread 0x0000000003124800 Exception <a 'java/lang/ClassNotFoundException': java/lang/ObjectCustomizer> (0x00000000d6e220d0) thrown at [C:\re\workspace\8-2-build-windows-amd64-cygwin\jdk8u161\10277\hotspot\src\share\vm\classfile\systemDictionary.cpp, line 210]
Event: 1.227 Thread 0x0000000003124800 Exception <a 'java/lang/ClassNotFoundException': org/springframework/context/annotation/ConfigurationClassPostProcessorCustomizer> (0x00000000d6f0cbb0) thrown at [C:\re\workspace\8-2-build-windows-amd64-cygwin\jdk8u161\10277\hotspot\src\share\vm\classfile
Event: 1.237 Thread 0x0000000003124800 Exception <a 'java/lang/ClassNotFoundException': org/springframework/beans/factory/support/BeanDefinitionRegistryPostProcessorCustomizer> (0x00000000d6f5d210) thrown at [C:\re\workspace\8-2-build-windows-amd64-cygwin\jdk8u161\10277\hotspot\src\share\vm\cl
Event: 1.238 Thread 0x0000000003124800 Exception <a 'java/lang/ClassNotFoundException': org/springframework/core/PriorityOrderedCustomizer> (0x00000000d6f6ec00) thrown at [C:\re\workspace\8-2-build-windows-amd64-cygwin\jdk8u161\10277\hotspot\src\share\vm\classfile\systemDictionary.cpp, line 21
Event: 1.238 Thread 0x0000000003124800 Exception <a 'java/lang/ClassNotFoundException': org/springframework/context/ResourceLoaderAwareCustomizer> (0x00000000d6fe8200) thrown at [C:\re\workspace\8-2-build-windows-amd64-cygwin\jdk8u161\10277\hotspot\src\share\vm\classfile\systemDictionary.cpp, 
Event: 1.238 Thread 0x0000000003124800 Exception <a 'java/lang/ClassNotFoundException': org/springframework/beans/factory/BeanClassLoaderAwareCustomizer> (0x00000000d6ffd380) thrown at [C:\re\workspace\8-2-build-windows-amd64-cygwin\jdk8u161\10277\hotspot\src\share\vm\classfile\systemDictionar
Event: 1.239 Thread 0x0000000003124800 Exception <a 'java/lang/ClassNotFoundException': org/springframework/context/EnvironmentAwareCustomizer> (0x00000000d70100b8) thrown at [C:\re\workspace\8-2-build-windows-amd64-cygwin\jdk8u161\10277\hotspot\src\share\vm\classfile\systemDictionary.cpp, lin

Events (10 events):
Event: 1.342 loading class com/fasterxml/jackson/databind/ser/ContainerSerializer
Event: 1.342 loading class com/fasterxml/jackson/databind/ser/ContainerSerializer done
Event: 1.343 loading class com/fasterxml/jackson/databind/ser/std/ReferenceTypeSerializer
Event: 1.343 loading class com/fasterxml/jackson/databind/ser/std/ReferenceTypeSerializer done
Event: 1.344 loading class com/fasterxml/jackson/databind/ser/std/ToStringSerializer
Event: 1.344 loading class com/fasterxml/jackson/databind/ser/std/ToStringSerializer done
Event: 1.345 loading class com/fasterxml/jackson/databind/ser/impl/IndexedStringListSerializer
Event: 1.345 loading class com/fasterxml/jackson/databind/ser/impl/IndexedStringListSerializer done
Event: 1.345 loading class com/fasterxml/jackson/databind/ser/std/StaticListSerializerBase
Event: 1.345 loading class com/fasterxml/jackson/databind/ser/std/StaticListSerializerBase done


Dynamic libraries:
0x00007ff729990000 - 0x00007ff7299c7000 	C:\Program Files\Java\jre1.8.0_161\bin\javaw.exe
0x00007ffecc920000 - 0x00007ffeccb01000 	C:\WINDOWS\SYSTEM32\ntdll.dll
0x00007ffec9dd0000 - 0x00007ffec9e82000 	C:\WINDOWS\System32\KERNEL32.DLL
0x00007ffec9560000 - 0x00007ffec97d3000 	C:\WINDOWS\System32\KERNELBASE.dll
0x00007ffeca2a0000 - 0x00007ffeca341000 	C:\WINDOWS\System32\ADVAPI32.dll
0x00007ffecbd50000 - 0x00007ffecbdee000 	C:\WINDOWS\System32\msvcrt.dll
0x00007ffec9f00000 - 0x00007ffec9f5b000 	C:\WINDOWS\System32\sechost.dll
0x00007ffeca680000 - 0x00007ffeca7a4000 	C:\WINDOWS\System32\RPCRT4.dll
0x00007ffecc520000 - 0x00007ffecc6b0000 	C:\WINDOWS\System32\USER32.dll
0x00007ffec9980000 - 0x00007ffec99a0000 	C:\WINDOWS\System32\win32u.dll
0x00007ffecc4f0000 - 0x00007ffecc518000 	C:\WINDOWS\System32\GDI32.dll
0x00007ffec97e0000 - 0x00007ffec9972000 	C:\WINDOWS\System32\gdi32full.dll
0x00007ffec99a0000 - 0x00007ffec9a3f000 	C:\WINDOWS\System32\msvcp_win.dll
0x00007ffec8cf0000 - 0x00007ffec8dea000 	C:\WINDOWS\System32\ucrtbase.dll
0x00007ffeb93e0000 - 0x00007ffeb9649000 	C:\WINDOWS\WinSxS\amd64_microsoft.windows.common-controls_6595b64144ccf1df_6.0.17134.472_none_fb3f9af53068156d\COMCTL32.dll
0x00007ffeca350000 - 0x00007ffeca672000 	C:\WINDOWS\System32\combase.dll
0x00007ffec9d30000 - 0x00007ffec9daa000 	C:\WINDOWS\System32\bcryptPrimitives.dll
0x00007ffecc8a0000 - 0x00007ffecc8cd000 	C:\WINDOWS\System32\IMM32.DLL
0x000000006e500000 - 0x000000006e5d2000 	C:\Program Files\Java\jre1.8.0_161\bin\msvcr100.dll
0x000000006d500000 - 0x000000006dd9f000 	C:\Program Files\Java\jre1.8.0_161\bin\server\jvm.dll
0x00007ffec9dc0000 - 0x00007ffec9dc8000 	C:\WINDOWS\System32\PSAPI.DLL
0x00007ffeaad90000 - 0x00007ffeaad99000 	C:\WINDOWS\SYSTEM32\WSOCK32.dll
0x00007ffec4c90000 - 0x00007ffec4cb3000 	C:\WINDOWS\SYSTEM32\WINMM.dll
0x00007ffebbb30000 - 0x00007ffebbb3a000 	C:\WINDOWS\SYSTEM32\VERSION.dll
0x00007ffeca140000 - 0x00007ffeca1ac000 	C:\WINDOWS\System32\WS2_32.dll
0x00007ffec4c60000 - 0x00007ffec4c8a000 	C:\WINDOWS\SYSTEM32\WINMMBASE.dll
0x00007ffec9ce0000 - 0x00007ffec9d29000 	C:\WINDOWS\System32\cfgmgr32.dll
0x000000006e8e0000 - 0x000000006e8ef000 	C:\Program Files\Java\jre1.8.0_161\bin\verify.dll
0x000000006e8b0000 - 0x000000006e8d9000 	C:\Program Files\Java\jre1.8.0_161\bin\java.dll
0x000000006e890000 - 0x000000006e8a6000 	C:\Program Files\Java\jre1.8.0_161\bin\zip.dll
0x00007ffeca910000 - 0x00007ffecbd50000 	C:\WINDOWS\System32\SHELL32.dll
0x00007ffecbff0000 - 0x00007ffecc099000 	C:\WINDOWS\System32\shcore.dll
0x00007ffec8e50000 - 0x00007ffec955d000 	C:\WINDOWS\System32\windows.storage.dll
0x00007ffec9ea0000 - 0x00007ffec9ef1000 	C:\WINDOWS\System32\shlwapi.dll
0x00007ffec8cb0000 - 0x00007ffec8cc1000 	C:\WINDOWS\System32\kernel.appcore.dll
0x00007ffec8cd0000 - 0x00007ffec8cef000 	C:\WINDOWS\System32\profapi.dll
0x00007ffec8c40000 - 0x00007ffec8c8c000 	C:\WINDOWS\System32\powrprof.dll
0x00007ffec8c30000 - 0x00007ffec8c3a000 	C:\WINDOWS\System32\FLTLIB.DLL
0x000000006e0c0000 - 0x000000006e0cd000 	C:\Program Files\Java\jre1.8.0_161\bin\management.dll
0x000000006e870000 - 0x000000006e88a000 	C:\Program Files\Java\jre1.8.0_161\bin\net.dll
0x00007ffec84b0000 - 0x00007ffec8516000 	C:\WINDOWS\system32\mswsock.dll
0x00007ffead8e0000 - 0x00007ffead8f6000 	C:\WINDOWS\system32\napinsp.dll
0x00007ffead8c0000 - 0x00007ffead8da000 	C:\WINDOWS\system32\pnrpnsp.dll
0x00007ffec5840000 - 0x00007ffec5859000 	C:\WINDOWS\system32\NLAapi.dll
0x00007ffec8280000 - 0x00007ffec833e000 	C:\WINDOWS\SYSTEM32\DNSAPI.dll
0x00007ffec9db0000 - 0x00007ffec9db8000 	C:\WINDOWS\System32\NSI.dll
0x00007ffec8230000 - 0x00007ffec8268000 	C:\WINDOWS\SYSTEM32\IPHLPAPI.DLL
0x00007ffead890000 - 0x00007ffead89e000 	C:\WINDOWS\System32\winrnr.dll
0x00007ffebf200000 - 0x00007ffebf215000 	C:\WINDOWS\System32\wshbth.dll
0x00007ffebd050000 - 0x00007ffebd05a000 	C:\Windows\System32\rasadhlp.dll
0x00007ffebd860000 - 0x00007ffebd8d2000 	C:\WINDOWS\System32\fwpuclnt.dll
0x00007ffec8790000 - 0x00007ffec87b5000 	C:\WINDOWS\SYSTEM32\bcrypt.dll
0x000000006e2f0000 - 0x000000006e301000 	C:\Program Files\Java\jre1.8.0_161\bin\nio.dll

VM Arguments:
jvm_args: -Dfile.encoding=UTF-8 
java_command: com.zzj.miaosha.Main
java_class_path (initial): C:\Program Files\Java\jre1.8.0_161\lib\resources.jar;C:\Program Files\Java\jre1.8.0_161\lib\rt.jar;C:\Program Files\Java\jre1.8.0_161\lib\jsse.jar;C:\Program Files\Java\jre1.8.0_161\lib\jce.jar;C:\Program Files\Java\jre1.8.0_161\lib\charsets.jar;C:\Program Files\Java\jre1.8.0_161\lib\jfr.jar;C:\Program Files\Java\jre1.8.0_161\lib\ext\access-bridge-64.jar;C:\Program Files\Java\jre1.8.0_161\lib\ext\cldrdata.jar;C:\Program Files\Java\jre1.8.0_161\lib\ext\dnsns.jar;C:\Program Files\Java\jre1.8.0_161\lib\ext\jaccess.jar;C:\Program Files\Java\jre1.8.0_161\lib\ext\jfxrt.jar;C:\Program Files\Java\jre1.8.0_161\lib\ext\localedata.jar;C:\Program Files\Java\jre1.8.0_161\lib\ext\nashorn.jar;C:\Program Files\Java\jre1.8.0_161\lib\ext\sunec.jar;C:\Program Files\Java\jre1.8.0_161\lib\ext\sunjce_provider.jar;C:\Program Files\Java\jre1.8.0_161\lib\ext\sunmscapi.jar;C:\Program Files\Java\jre1.8.0_161\lib\ext\sunpkcs11.jar;C:\Program Files\Java\jre1.8.0_161\lib\ext\zipfs.jar;F:\Eclipse-workspace\miaosha\target\classes;C:\Users\zhouz\.m2\repository\org\springframework\boot\spring-boot-starter-web\2.0.5.RELEASE\spring-boot-starter-web-2.0.5.RELEASE.jar;C:\Users\zhouz\.m2\repository\org\springframework\boot\spring-boot-starter\2.0.5.RELEASE\spring-boot-starter-2.0.5.RELEASE.jar;C:\Users\zhouz\.m2\repository\org\springframework\boot\spring-boot\2.0.5.RELEASE\spring-boot-2.0.5.RELEASE.jar;C:\Users\zhouz\.m2\repository\org\springframework\boot\spring-boot-autoconfigure\2.0.5.RELEASE\spring-boot-autoconfigure-2.0.5.RELEASE.jar;C:\Users\zhouz\.m2\repository\org\springframework\boot\spring-boot-starter-logging\2.0.5.RELEASE\spring-boot-starter-logging-2.0.5.RELEASE.jar;C:\Users\zhouz\.m2\repository\ch\qos\logback\logback-classic\1.2.3\logback-classic-1.2.3.jar;C:\Users\zhouz\.m2\repository\ch\qos\logback\logback-core\1.2.3\logback-core-1.2.3.jar;C:\Users\zhouz\.m2\repository\org\apache\logging\log4j\log4j-to-slf4j\2.10.0\log4j-to-slf4j-2.10.0.jar;C:\Users\zhouz\.m2\
Launcher Type: SUN_STANDARD

Environment Variables:
JAVA_HOME=E:\java\jdk1.8.0_144
CLASSPATH=.;E:\java\jdk1.8.0_144\lib;E:\java\jdk1.8.0_144\lib\tools.jar E:\software\jmeter\apache-jmeter-3.1\lib\ext\ApacheJMeter_core.jar;E:\software\jmeter\apache-jmeter-3.1\lib\jorphan.jar;
PATH=C:/Program Files/Java/jre1.8.0_161/bin/server;C:/Program Files/Java/jre1.8.0_161/bin;C:/Program Files/Java/jre1.8.0_161/lib/amd64;C:\ProgramData\Oracle\Java\javapath;E:\java\jdk1.8.0_144\jre\bin;C:\WINDOWS\system32;C:\WINDOWS;C:\WINDOWS\System32\Wbem;C:\WINDOWS\System32\WindowsPowerShell\v1.0\;C:\WINDOWS\System32\OpenSSH\;E:\software\github\Git\cmd;E:\java\jdk1.8.0_144\bin;F:\study\maven\apache-maven-3.5.4\bin;E:\software\nodejs\;C:\Program Files\Intel\WiFi\bin\;C:\Program Files\Common Files\Intel\WirelessCommon\;C:\Program Files (x86)\HP\IdrsOCR_15.2.10.1114\;";E:\software\jmeter\apache-jmeter-3.1\bin;";E:\software\python\Scripts\;E:\software\python\;C:\Users\zhouz\AppData\Local\Microsoft\WindowsApps;C:\Program Files\MySQL\MySQL Server 5.7\bin;C:\Users\zhouz\AppData\Roaming\npm;E:\software\Eclipse\eclipse;
USERNAME=zhouz
OS=Windows_NT
PROCESSOR_IDENTIFIER=Intel64 Family 6 Model 142 Stepping 9, GenuineIntel



---------------  S Y S T E M  ---------------

OS: Windows 10.0 , 64 bit Build 17134 (10.0.17134.1)

CPU:total 4 (initial active 4) (2 cores per cpu, 2 threads per core) family 6 model 142 stepping 9, cmov, cx8, fxsr, mmx, sse, sse2, sse3, ssse3, sse4.1, sse4.2, popcnt, avx, avx2, aes, clmul, erms, 3dnowpref, lzcnt, ht, tsc, tscinvbit, bmi1, bmi2, adx

Memory: 4k page, physical 8282216k(1681504k free), swap 8282216k(4228k free)

vm_info: Java HotSpot(TM) 64-Bit Server VM (25.161-b12) for windows-amd64 JRE (1.8.0_161-b12), built on Dec 19 2017 17:52:25 by "java_re" with MS VC++ 10.0 (VS2010)

time: Thu Jan 10 10:18:46 2019
elapsed time: 1 seconds (0d 0h 0m 1s)

