#
# There is insufficient memory for the Java Runtime Environment to continue.
# Native memory allocation (malloc) failed to allocate 32784 bytes for Chunk::new
# Possible reasons:
#   The system is out of physical RAM or swap space
#   In 32 bit mode, the process size limit was hit
# Possible solutions:
#   Reduce memory load on the system
#   Increase physical memory or swap space
#   Check if swap backing store is full
#   Use 64 bit Java on a 64 bit OS
#   Decrease Java heap size (-Xmx/-Xms)
#   Decrease number of Java threads
#   Decrease Java thread stack sizes (-Xss)
#   Set larger code cache with -XX:ReservedCodeCacheSize=
# This output file may be truncated or incomplete.
#
#  Out of Memory Error (allocation.cpp:390), pid=13192, tid=0x0000000000003490
#
# JRE version: Java(TM) SE Runtime Environment (8.0_161-b12) (build 1.8.0_161-b12)
# Java VM: Java HotSpot(TM) 64-Bit Server VM (25.161-b12 mixed mode windows-amd64 compressed oops)
# Failed to write core dump. Minidumps are not enabled by default on client versions of Windows
#

---------------  T H R E A D  ---------------

Current thread (0x00000000175db000):  JavaThread "C2 CompilerThread1" daemon [_thread_in_native, id=13456, stack(0x0000000019010000,0x0000000019110000)]

Stack: [0x0000000019010000,0x0000000019110000]
[error occurred during error reporting (printing stack bounds), id 0xc0000005]

Native frames: (J=compiled Java code, j=interpreted, Vv=VM code, C=native code)


Current CompileTask:
C2:   1312 1165   !   4       java.net.URL::<init> (543 bytes)


---------------  P R O C E S S  ---------------

Java Threads: ( => current thread )
  0x0000000019a3e000 JavaThread "background-preinit" [_thread_in_vm, id=4024, stack(0x0000000019c10000,0x0000000019d10000)]
  0x00000000189b0800 JavaThread "Service Thread" daemon [_thread_blocked, id=12504, stack(0x0000000019210000,0x0000000019310000)]
  0x00000000175de800 JavaThread "C1 CompilerThread2" daemon [_thread_blocked, id=7932, stack(0x0000000019110000,0x0000000019210000)]
=>0x00000000175db000 JavaThread "C2 CompilerThread1" daemon [_thread_in_native, id=13456, stack(0x0000000019010000,0x0000000019110000)]
  0x00000000175ce000 JavaThread "C2 CompilerThread0" daemon [_thread_blocked, id=10052, stack(0x0000000018f10000,0x0000000019010000)]
  0x00000000175cd000 JavaThread "Attach Listener" daemon [_thread_blocked, id=13720, stack(0x0000000018e10000,0x0000000018f10000)]
  0x0000000018953800 JavaThread "Signal Dispatcher" daemon [_thread_blocked, id=13048, stack(0x0000000018d10000,0x0000000018e10000)]
  0x000000001759a800 JavaThread "Finalizer" daemon [_thread_in_Java, id=12644, stack(0x0000000018810000,0x0000000018910000)]
  0x0000000002974000 JavaThread "Reference Handler" daemon [_thread_blocked, id=11308, stack(0x0000000018710000,0x0000000018810000)]
  0x0000000002884800 JavaThread "main" [_thread_in_vm, id=8092, stack(0x0000000002370000,0x0000000002470000)]

Other Threads:
  0x0000000017577800 VMThread [stack: 0x0000000018610000,0x0000000018710000] [id=10168]
  0x00000000189fc800 WatcherThread [stack: 0x0000000019310000,0x0000000019410000] [id=6568]

VM state:not at safepoint (normal execution)

VM Mutex/Monitor currently owned by a thread: None

Heap:
 PSYoungGen      total 38400K, used 5532K [0x00000000d5d80000, 0x00000000d8800000, 0x0000000100000000)
  eden space 33280K, 1% used [0x00000000d5d80000,0x00000000d5de7290,0x00000000d7e00000)
  from space 5120K, 99% used [0x00000000d8300000,0x00000000d87fffe0,0x00000000d8800000)
  to   space 5120K, 0% used [0x00000000d7e00000,0x00000000d7e00000,0x00000000d8300000)
 ParOldGen       total 87552K, used 2101K [0x0000000081800000, 0x0000000086d80000, 0x00000000d5d80000)
  object space 87552K, 2% used [0x0000000081800000,0x0000000081a0d7a0,0x0000000086d80000)
 Metaspace       used 14090K, capacity 14622K, committed 14848K, reserved 1062912K
  class space    used 1871K, capacity 2019K, committed 2048K, reserved 1048576K

Card table byte_map: [0x0000000011e20000,0x0000000012220000] byte_map_base: 0x0000000011a14000

Marking Bits: (ParMarkBitMap*) 0x00000000763ff860
 Begin Bits: [0x00000000128d0000, 0x0000000014870000)
 End Bits:   [0x0000000014870000, 0x0000000016810000)

Polling page: 0x00000000006c0000

CodeCache: size=245760Kb used=3903Kb max_used=3903Kb free=241856Kb
 bounds [0x0000000002a60000, 0x0000000002e40000, 0x0000000011a60000]
 total_blobs=1533 nmethods=1196 adapters=249
 compilation: enabled

Compilation events (10 events):
Event: 1.281 Thread 0x00000000175de800 1175       3       java.lang.Class::privateGetDeclaredConstructors (85 bytes)
Event: 1.282 Thread 0x00000000175de800 nmethod 1175 0x0000000002e2b250 code [0x0000000002e2b420, 0x0000000002e2bb18]
Event: 1.282 Thread 0x00000000175de800 1176       3       sun.reflect.ReflectionFactory::copyConstructor (10 bytes)
Event: 1.283 Thread 0x00000000175de800 nmethod 1176 0x0000000002e2ab10 code [0x0000000002e2aca0, 0x0000000002e2b088]
Event: 1.283 Thread 0x00000000175de800 1177       3       java.lang.reflect.ReflectAccess::copyConstructor (5 bytes)
Event: 1.283 Thread 0x00000000175de800 nmethod 1177 0x0000000002e26850 code [0x0000000002e269c0, 0x0000000002e26bc8]
Event: 1.283 Thread 0x00000000175de800 1178       3       java.lang.reflect.Constructor::<init> (50 bytes)
Event: 1.283 Thread 0x00000000175de800 nmethod 1178 0x0000000002e26250 code [0x0000000002e263c0, 0x0000000002e266d0]
Event: 1.284 Thread 0x00000000175de800 1179       3       java.util.concurrent.CopyOnWriteArrayList::setArray (6 bytes)
Event: 1.284 Thread 0x00000000175de800 nmethod 1179 0x0000000002e29250 code [0x0000000002e293a0, 0x0000000002e29510]

GC Heap History (2 events):
Event: 1.037 GC heap before
{Heap before GC invocations=1 (full 0):
 PSYoungGen      total 38400K, used 33280K [0x00000000d5d80000, 0x00000000d8800000, 0x0000000100000000)
  eden space 33280K, 100% used [0x00000000d5d80000,0x00000000d7e00000,0x00000000d7e00000)
  from space 5120K, 0% used [0x00000000d8300000,0x00000000d8300000,0x00000000d8800000)
  to   space 5120K, 0% used [0x00000000d7e00000,0x00000000d7e00000,0x00000000d8300000)
 ParOldGen       total 87552K, used 0K [0x0000000081800000, 0x0000000086d80000, 0x00000000d5d80000)
  object space 87552K, 0% used [0x0000000081800000,0x0000000081800000,0x0000000086d80000)
 Metaspace       used 10712K, capacity 11120K, committed 11264K, reserved 1058816K
  class space    used 1295K, capacity 1424K, committed 1536K, reserved 1048576K
Event: 1.043 GC heap after
Heap after GC invocations=1 (full 0):
 PSYoungGen      total 38400K, used 5115K [0x00000000d5d80000, 0x00000000d8800000, 0x0000000100000000)
  eden space 33280K, 0% used [0x00000000d5d80000,0x00000000d5d80000,0x00000000d7e00000)
  from space 5120K, 99% used [0x00000000d7e00000,0x00000000d82fef80,0x00000000d8300000)
  to   space 5120K, 0% used [0x00000000d8300000,0x00000000d8300000,0x00000000d8800000)
 ParOldGen       total 87552K, used 824K [0x0000000081800000, 0x0000000086d80000, 0x00000000d5d80000)
  object space 87552K, 0% used [0x0000000081800000,0x00000000818ce0b0,0x0000000086d80000)
 Metaspace       used 10712K, capacity 11120K, committed 11264K, reserved 1058816K
  class space    used 1295K, capacity 1424K, committed 1536K, reserved 1048576K
}

Deoptimization events (10 events):
Event: 0.283 Thread 0x0000000002884800 Uncommon trap: reason=unstable_if action=reinterpret pc=0x0000000002b791b8 method=java.lang.String.hashCode()I @ 14
Event: 0.586 Thread 0x0000000002884800 Uncommon trap: reason=unstable_if action=reinterpret pc=0x0000000002c2b9dc method=sun.misc.MetaIndex.mayContain(Ljava/lang/String;)Z @ 38
Event: 0.793 Thread 0x0000000002884800 Uncommon trap: reason=unstable_if action=reinterpret pc=0x0000000002cc32bc method=java.util.HashMap.getNode(ILjava/lang/Object;)Ljava/util/HashMap$Node; @ 129
Event: 0.843 Thread 0x0000000002884800 Uncommon trap: reason=unstable_if action=reinterpret pc=0x0000000002c253b0 method=java.lang.String.indexOf([CII[CIII)I @ 3
Event: 0.861 Thread 0x0000000019a3e000 Uncommon trap: reason=range_check action=make_not_entrant pc=0x0000000002d022a0 method=sun.reflect.generics.parser.SignatureParser.current()C @ 34
Event: 0.970 Thread 0x0000000019a3e000 Uncommon trap: reason=unstable_if action=reinterpret pc=0x0000000002cc4388 method=java.util.HashMap.getNode(ILjava/lang/Object;)Ljava/util/HashMap$Node; @ 129
Event: 1.051 Thread 0x0000000002884800 Uncommon trap: reason=unstable_if action=reinterpret pc=0x0000000002cf2ca8 method=java.util.HashMap.hash(Ljava/lang/Object;)I @ 1
Event: 1.101 Thread 0x0000000002884800 Uncommon trap: reason=unstable_if action=reinterpret pc=0x0000000002b8ed80 method=java.lang.CharacterData.of(I)Ljava/lang/CharacterData; @ 4
Event: 1.239 Thread 0x0000000002884800 Uncommon trap: reason=unstable_if action=reinterpret pc=0x0000000002e1b7c8 method=java.util.concurrent.ConcurrentHashMap.putVal(Ljava/lang/Object;Ljava/lang/Object;Z)Ljava/lang/Object; @ 113
Event: 1.240 Thread 0x0000000019a3e000 Uncommon trap: reason=unstable_if action=reinterpret pc=0x0000000002e1b978 method=java.util.concurrent.ConcurrentHashMap.addCount(JI)V @ 168

Classes redefined (0 events):
No events

Internal exceptions (10 events):
Event: 0.858 Thread 0x0000000019a3e000 Exception <a 'java/lang/ArrayIndexOutOfBoundsException'> (0x00000000d6fe72a8) thrown at [C:\re\workspace\8-2-build-windows-amd64-cygwin\jdk8u161\10277\hotspot\src\share\vm\runtime\sharedRuntime.cpp, line 605]
Event: 0.861 Thread 0x0000000019a3e000 Exception <a 'java/lang/ArrayIndexOutOfBoundsException': 117> (0x00000000d700d460) thrown at [C:\re\workspace\8-2-build-windows-amd64-cygwin\jdk8u161\10277\hotspot\src\share\vm\interpreter\interpreterRuntime.cpp, line 366]
Event: 0.862 Thread 0x0000000019a3e000 Exception <a 'java/lang/ArrayIndexOutOfBoundsException': 113> (0x00000000d70247b8) thrown at [C:\re\workspace\8-2-build-windows-amd64-cygwin\jdk8u161\10277\hotspot\src\share\vm\interpreter\interpreterRuntime.cpp, line 366]
Event: 0.862 Thread 0x0000000019a3e000 Exception <a 'java/lang/ArrayIndexOutOfBoundsException': 60> (0x00000000d70258f0) thrown at [C:\re\workspace\8-2-build-windows-amd64-cygwin\jdk8u161\10277\hotspot\src\share\vm\interpreter\interpreterRuntime.cpp, line 366]
Event: 0.862 Thread 0x0000000002884800 Exception <a 'java/io/FileNotFoundException'> (0x00000000d6f6b338) thrown at [C:\re\workspace\8-2-build-windows-amd64-cygwin\jdk8u161\10277\hotspot\src\share\vm\prims\jni.cpp, line 709]
Event: 1.032 Thread 0x0000000002884800 Exception <a 'java/lang/NoSuchMethodError': java.lang.Object.lambda$identity$2(Ljava/lang/Object;)Ljava/lang/Object;> (0x00000000d7d0d928) thrown at [C:\re\workspace\8-2-build-windows-amd64-cygwin\jdk8u161\10277\hotspot\src\share\vm\interpreter\linkResolv
Event: 1.034 Thread 0x0000000002884800 Exception <a 'java/lang/NoSuchMethodError': java.lang.Object.lambda$static$0(CI)C> (0x00000000d7d27af8) thrown at [C:\re\workspace\8-2-build-windows-amd64-cygwin\jdk8u161\10277\hotspot\src\share\vm\interpreter\linkResolver.cpp, line 620]
Event: 1.035 Thread 0x0000000002884800 Exception <a 'java/lang/NoSuchMethodError': java.lang.Object.lambda$static$1(CI)C> (0x00000000d7d2a560) thrown at [C:\re\workspace\8-2-build-windows-amd64-cygwin\jdk8u161\10277\hotspot\src\share\vm\interpreter\linkResolver.cpp, line 620]
Event: 1.051 Thread 0x0000000002884800 Implicit null exception at 0x0000000002cf2c2f to 0x0000000002cf2c99
Event: 1.078 Thread 0x0000000002884800 Exception <a 'java/lang/NoSuchMethodError': java.lang.Object.lambda$chars$0()Ljava/util/Spliterator$OfInt;> (0x00000000d617ac88) thrown at [C:\re\workspace\8-2-build-windows-amd64-cygwin\jdk8u161\10277\hotspot\src\share\vm\interpreter\linkResolver.cpp, li

Events (10 events):
Event: 1.284 loading class org/hibernate/validator/internal/util/logging/Messages
Event: 1.284 loading class org/hibernate/validator/internal/util/logging/Messages done
Event: 1.284 loading class org/springframework/boot/diagnostics/FailureAnalyzer
Event: 1.284 loading class org/springframework/boot/diagnostics/FailureAnalyzer done
Event: 1.284 loading class org/jboss/logging/Messages
Event: 1.284 loading class org/jboss/logging/Messages done
Event: 1.285 loading class org/springframework/boot/diagnostics/analyzer/BeanCurrentlyInCreationFailureAnalyzer
Event: 1.285 loading class org/jboss/logging/Messages$1
Event: 1.285 loading class org/jboss/logging/Messages$1 done
Event: 1.285 loading class org/springframework/boot/diagnostics/analyzer/BeanCurrentlyInCreationFailureAnalyzer done


Dynamic libraries:
0x00007ff6833a0000 - 0x00007ff6833d7000 	C:\Program Files\Java\jre1.8.0_161\bin\javaw.exe
0x00007ffd65930000 - 0x00007ffd65b11000 	C:\WINDOWS\SYSTEM32\ntdll.dll
0x00007ffd64f20000 - 0x00007ffd64fd2000 	C:\WINDOWS\System32\KERNEL32.DLL
0x00007ffd626e0000 - 0x00007ffd62953000 	C:\WINDOWS\System32\KERNELBASE.dll
0x00007ffd65850000 - 0x00007ffd658f1000 	C:\WINDOWS\System32\ADVAPI32.dll
0x00007ffd65620000 - 0x00007ffd656be000 	C:\WINDOWS\System32\msvcrt.dll
0x00007ffd657f0000 - 0x00007ffd6584b000 	C:\WINDOWS\System32\sechost.dll
0x00007ffd64df0000 - 0x00007ffd64f14000 	C:\WINDOWS\System32\RPCRT4.dll
0x00007ffd65140000 - 0x00007ffd652d0000 	C:\WINDOWS\System32\USER32.dll
0x00007ffd62da0000 - 0x00007ffd62dc0000 	C:\WINDOWS\System32\win32u.dll
0x00007ffd656c0000 - 0x00007ffd656e8000 	C:\WINDOWS\System32\GDI32.dll
0x00007ffd62960000 - 0x00007ffd62af2000 	C:\WINDOWS\System32\gdi32full.dll
0x00007ffd62cb0000 - 0x00007ffd62d4f000 	C:\WINDOWS\System32\msvcp_win.dll
0x00007ffd62b00000 - 0x00007ffd62bfa000 	C:\WINDOWS\System32\ucrtbase.dll
0x00007ffd53110000 - 0x00007ffd53379000 	C:\WINDOWS\WinSxS\amd64_microsoft.windows.common-controls_6595b64144ccf1df_6.0.17134.590_none_fb3d9bff3069e088\COMCTL32.dll
0x00007ffd652f0000 - 0x00007ffd65612000 	C:\WINDOWS\System32\combase.dll
0x00007ffd61d60000 - 0x00007ffd61dda000 	C:\WINDOWS\System32\bcryptPrimitives.dll
0x00007ffd63590000 - 0x00007ffd635bd000 	C:\WINDOWS\System32\IMM32.DLL
0x0000000075940000 - 0x0000000075a12000 	C:\Program Files\Java\jre1.8.0_161\bin\msvcr100.dll
0x0000000075be0000 - 0x000000007647f000 	C:\Program Files\Java\jre1.8.0_161\bin\server\jvm.dll
0x00007ffd64de0000 - 0x00007ffd64de8000 	C:\WINDOWS\System32\PSAPI.DLL
0x00007ffd47b90000 - 0x00007ffd47b99000 	C:\WINDOWS\SYSTEM32\WSOCK32.dll
0x00007ffd64cd0000 - 0x00007ffd64d3c000 	C:\WINDOWS\System32\WS2_32.dll
0x00007ffd5ce50000 - 0x00007ffd5ce73000 	C:\WINDOWS\SYSTEM32\WINMM.dll
0x00007ffd53420000 - 0x00007ffd5342a000 	C:\WINDOWS\SYSTEM32\VERSION.dll
0x00007ffd5cd10000 - 0x00007ffd5cd3a000 	C:\WINDOWS\SYSTEM32\WINMMBASE.dll
0x00007ffd62d50000 - 0x00007ffd62d99000 	C:\WINDOWS\System32\cfgmgr32.dll
0x0000000077380000 - 0x000000007738f000 	C:\Program Files\Java\jre1.8.0_161\bin\verify.dll
0x0000000075ad0000 - 0x0000000075af9000 	C:\Program Files\Java\jre1.8.0_161\bin\java.dll
0x0000000075ab0000 - 0x0000000075ac6000 	C:\Program Files\Java\jre1.8.0_161\bin\zip.dll
0x00007ffd636b0000 - 0x00007ffd64af0000 	C:\WINDOWS\System32\SHELL32.dll
0x00007ffd64b50000 - 0x00007ffd64bf9000 	C:\WINDOWS\System32\shcore.dll
0x00007ffd61fd0000 - 0x00007ffd626dd000 	C:\WINDOWS\System32\windows.storage.dll
0x00007ffd64af0000 - 0x00007ffd64b41000 	C:\WINDOWS\System32\shlwapi.dll
0x00007ffd61c70000 - 0x00007ffd61c81000 	C:\WINDOWS\System32\kernel.appcore.dll
0x00007ffd61c90000 - 0x00007ffd61caf000 	C:\WINDOWS\System32\profapi.dll
0x00007ffd61cb0000 - 0x00007ffd61cfc000 	C:\WINDOWS\System32\powrprof.dll
0x00007ffd61c60000 - 0x00007ffd61c6a000 	C:\WINDOWS\System32\FLTLIB.DLL
0x0000000075a20000 - 0x0000000075a2d000 	C:\Program Files\Java\jre1.8.0_161\bin\management.dll
0x0000000075a90000 - 0x0000000075aaa000 	C:\Program Files\Java\jre1.8.0_161\bin\net.dll
0x00007ffd614c0000 - 0x00007ffd61526000 	C:\WINDOWS\system32\mswsock.dll
0x00007ffd47e90000 - 0x00007ffd47ea6000 	C:\WINDOWS\system32\napinsp.dll
0x00007ffd47e70000 - 0x00007ffd47e8a000 	C:\WINDOWS\system32\pnrpnsp.dll
0x00007ffd5ea70000 - 0x00007ffd5ea89000 	C:\WINDOWS\system32\NLAapi.dll
0x00007ffd61280000 - 0x00007ffd6133e000 	C:\WINDOWS\SYSTEM32\DNSAPI.dll
0x00007ffd64d40000 - 0x00007ffd64d48000 	C:\WINDOWS\System32\NSI.dll
0x00007ffd61240000 - 0x00007ffd61278000 	C:\WINDOWS\SYSTEM32\IPHLPAPI.DLL
0x00007ffd47e60000 - 0x00007ffd47e6e000 	C:\WINDOWS\System32\winrnr.dll
0x00007ffd5c920000 - 0x00007ffd5c935000 	C:\WINDOWS\System32\wshbth.dll
0x00007ffd56070000 - 0x00007ffd5607a000 	C:\Windows\System32\rasadhlp.dll
0x00007ffd564c0000 - 0x00007ffd56532000 	C:\WINDOWS\System32\fwpuclnt.dll
0x00007ffd617a0000 - 0x00007ffd617c5000 	C:\WINDOWS\SYSTEM32\bcrypt.dll

VM Arguments:
jvm_args: -Dfile.encoding=UTF-8 
java_command: com.zzj.miaosha.Main
java_class_path (initial): C:\Program Files\Java\jre1.8.0_161\lib\resources.jar;C:\Program Files\Java\jre1.8.0_161\lib\rt.jar;C:\Program Files\Java\jre1.8.0_161\lib\jsse.jar;C:\Program Files\Java\jre1.8.0_161\lib\jce.jar;C:\Program Files\Java\jre1.8.0_161\lib\charsets.jar;C:\Program Files\Java\jre1.8.0_161\lib\jfr.jar;C:\Program Files\Java\jre1.8.0_161\lib\ext\access-bridge-64.jar;C:\Program Files\Java\jre1.8.0_161\lib\ext\cldrdata.jar;C:\Program Files\Java\jre1.8.0_161\lib\ext\dnsns.jar;C:\Program Files\Java\jre1.8.0_161\lib\ext\jaccess.jar;C:\Program Files\Java\jre1.8.0_161\lib\ext\jfxrt.jar;C:\Program Files\Java\jre1.8.0_161\lib\ext\localedata.jar;C:\Program Files\Java\jre1.8.0_161\lib\ext\nashorn.jar;C:\Program Files\Java\jre1.8.0_161\lib\ext\sunec.jar;C:\Program Files\Java\jre1.8.0_161\lib\ext\sunjce_provider.jar;C:\Program Files\Java\jre1.8.0_161\lib\ext\sunmscapi.jar;C:\Program Files\Java\jre1.8.0_161\lib\ext\sunpkcs11.jar;C:\Program Files\Java\jre1.8.0_161\lib\ext\zipfs.jar;F:\Eclipse-workspace\miaosha\target\classes;C:\Users\zhouz\.m2\repository\org\springframework\boot\spring-boot-starter-web\2.0.5.RELEASE\spring-boot-starter-web-2.0.5.RELEASE.jar;C:\Users\zhouz\.m2\repository\org\springframework\boot\spring-boot-starter\2.0.5.RELEASE\spring-boot-starter-2.0.5.RELEASE.jar;C:\Users\zhouz\.m2\repository\org\springframework\boot\spring-boot\2.0.5.RELEASE\spring-boot-2.0.5.RELEASE.jar;C:\Users\zhouz\.m2\repository\org\springframework\boot\spring-boot-autoconfigure\2.0.5.RELEASE\spring-boot-autoconfigure-2.0.5.RELEASE.jar;C:\Users\zhouz\.m2\repository\org\springframework\boot\spring-boot-starter-logging\2.0.5.RELEASE\spring-boot-starter-logging-2.0.5.RELEASE.jar;C:\Users\zhouz\.m2\repository\ch\qos\logback\logback-classic\1.2.3\logback-classic-1.2.3.jar;C:\Users\zhouz\.m2\repository\ch\qos\logback\logback-core\1.2.3\logback-core-1.2.3.jar;C:\Users\zhouz\.m2\repository\org\apache\logging\log4j\log4j-to-slf4j\2.10.0\log4j-to-slf4j-2.10.0.jar;C:\Users\zhouz\.m2\
Launcher Type: SUN_STANDARD

Environment Variables:
JAVA_HOME=E:\java\jdk1.8.0_144
CLASSPATH=.;E:\java\jdk1.8.0_144\lib;E:\java\jdk1.8.0_144\lib\tools.jar E:\software\jmeter\apache-jmeter-3.1\lib\ext\ApacheJMeter_core.jar;E:\software\jmeter\apache-jmeter-3.1\lib\jorphan.jar;
PATH=C:/Program Files/Java/jre1.8.0_161/bin/server;C:/Program Files/Java/jre1.8.0_161/bin;C:/Program Files/Java/jre1.8.0_161/lib/amd64;E:\software\xshell6\;C:\ProgramData\Oracle\Java\javapath;E:\java\jdk1.8.0_144\jre\bin;C:\WINDOWS\system32;C:\WINDOWS;C:\WINDOWS\System32\Wbem;C:\WINDOWS\System32\WindowsPowerShell\v1.0\;C:\WINDOWS\System32\OpenSSH\;E:\software\github\Git\cmd;E:\java\jdk1.8.0_144\bin;F:\study\maven\apache-maven-3.5.4\bin;E:\software\nodejs\;C:\Program Files\Intel\WiFi\bin\;C:\Program Files\Common Files\Intel\WirelessCommon\;C:\Program Files (x86)\HP\IdrsOCR_15.2.10.1114\;";E:\software\jmeter\apache-jmeter-3.1\bin;";E:\software\python\Scripts\;E:\software\python\;C:\Users\zhouz\AppData\Local\Microsoft\WindowsApps;C:\Program Files\MySQL\MySQL Server 5.7\bin;C:\Users\zhouz\AppData\Roaming\npm;E:\software\Eclipse\eclipse;
USERNAME=zhouz
OS=Windows_NT
PROCESSOR_IDENTIFIER=Intel64 Family 6 Model 142 Stepping 9, GenuineIntel



---------------  S Y S T E M  ---------------

OS: Windows 10.0 , 64 bit Build 17134 (10.0.17134.556)

CPU:total 4 (initial active 4) (2 cores per cpu, 2 threads per core) family 6 model 142 stepping 9, cmov, cx8, fxsr, mmx, sse, sse2, sse3, ssse3, sse4.1, sse4.2, popcnt, avx, avx2, aes, clmul, erms, 3dnowpref, lzcnt, ht, tsc, tscinvbit, bmi1, bmi2, adx

Memory: 4k page, physical 8282216k(2298856k free), swap 8282216k(2660k free)

vm_info: Java HotSpot(TM) 64-Bit Server VM (25.161-b12) for windows-amd64 JRE (1.8.0_161-b12), built on Dec 19 2017 17:52:25 by "java_re" with MS VC++ 10.0 (VS2010)

time: Wed Feb 27 16:32:23 2019
elapsed time: 1 seconds (0d 0h 0m 1s)

